#
# There is insufficient memory for the Java Runtime Environment to continue.
# Native memory allocation (malloc) failed to allocate 32744 bytes for ChunkPool::allocate
# Possible reasons:
#   The system is out of physical RAM or swap space
#   In 32 bit mode, the process size limit was hit
# Possible solutions:
#   Reduce memory load on the system
#   Increase physical memory or swap space
#   Check if swap backing store is full
#   Use 64 bit Java on a 64 bit OS
#   Decrease Java heap size (-Xmx/-Xms)
#   Decrease number of Java threads
#   Decrease Java thread stack sizes (-Xss)
#   Set larger code cache with -XX:ReservedCodeCacheSize=
# This output file may be truncated or incomplete.
#
#  Out of Memory Error (allocation.cpp:273), pid=13828, tid=0x0000000000003264
#
# JRE version: Java(TM) SE Runtime Environment (8.0_111-b14) (build 1.8.0_111-b14)
# Java VM: Java HotSpot(TM) 64-Bit Server VM (25.111-b14 mixed mode windows-amd64 compressed oops)
# Failed to write core dump. Minidumps are not enabled by default on client versions of Windows
#

---------------  T H R E A D  ---------------

Current thread (0x00000000156a0000):  JavaThread "C1 CompilerThread2" daemon [_thread_in_native, id=12900, stack(0x0000000016ef0000,0x0000000016ff0000)]

Stack: [0x0000000016ef0000,0x0000000016ff0000]
[error occurred during error reporting (printing stack bounds), id 0xc0000005]

Native frames: (J=compiled Java code, j=interpreted, Vv=VM code, C=native code)


Current CompileTask:
C1:  68270  718   !   3      
[error occurred during error reporting (printing current compile task), id 0xe0000001]


---------------  P R O C E S S  ---------------

Java Threads: ( => current thread )
  0x00000000172a8000 JavaThread "TimerQueue" daemon [_thread_blocked, id=2892, stack(0x00000000206b0000,0x00000000207b0000)]
  0x0000000002f61000 JavaThread "DestroyJavaVM" [_thread_blocked, id=4984, stack(0x0000000002e60000,0x0000000002f60000)]
  0x00000000156b7000 JavaThread "D3D Screen Updater" daemon [_thread_blocked, id=9136, stack(0x000000001f680000,0x000000001f780000)]
  0x0000000017340800 JavaThread "AWT-EventQueue-0" [_thread_blocked, id=13812, stack(0x000000001ef80000,0x000000001f080000)]
  0x00000000173c8000 JavaThread "AWT-Shutdown" [_thread_blocked, id=10564, stack(0x000000001ee80000,0x000000001ef80000)]
  0x00000000173ca800 JavaThread "AWT-Windows" daemon [_thread_in_native, id=11080, stack(0x0000000017950000,0x0000000017a50000)]
  0x00000000173c6000 JavaThread "Java2D Disposer" daemon [_thread_blocked, id=10236, stack(0x0000000017750000,0x0000000017850000)]
  0x00000000156dc000 JavaThread "Service Thread" daemon [_thread_blocked, id=7924, stack(0x00000000173f0000,0x00000000174f0000)]
=>0x00000000156a0000 JavaThread "C1 CompilerThread2" daemon [_thread_in_native, id=12900, stack(0x0000000016ef0000,0x0000000016ff0000)]
  0x000000001567f800 JavaThread "C2 CompilerThread1" daemon [_thread_blocked, id=7836, stack(0x0000000016df0000,0x0000000016ef0000)]
  0x000000001567c000 JavaThread "C2 CompilerThread0" daemon [_thread_blocked, id=9912, stack(0x0000000016cf0000,0x0000000016df0000)]
  0x000000001567a800 JavaThread "Attach Listener" daemon [_thread_blocked, id=10368, stack(0x0000000016bf0000,0x0000000016cf0000)]
  0x0000000015679800 JavaThread "Signal Dispatcher" daemon [_thread_blocked, id=10772, stack(0x0000000016af0000,0x0000000016bf0000)]
  0x000000001566a000 JavaThread "Finalizer" daemon [_thread_blocked, id=1540, stack(0x00000000168e0000,0x00000000169e0000)]
  0x0000000015649000 JavaThread "Reference Handler" daemon [_thread_blocked, id=11408, stack(0x00000000167e0000,0x00000000168e0000)]

Other Threads:
  0x0000000015647800 VMThread [stack: 0x00000000166e0000,0x00000000167e0000] [id=8884]
  0x00000000156c0800 WatcherThread [stack: 0x00000000174f0000,0x00000000175f0000] [id=6080]

VM state:not at safepoint (normal execution)

VM Mutex/Monitor currently owned by a thread: None

Heap:
 PSYoungGen      total 18944K, used 6229K [0x00000000eb100000, 0x00000000ec600000, 0x0000000100000000)
  eden space 16384K, 38% used [0x00000000eb100000,0x00000000eb7155a8,0x00000000ec100000)
  from space 2560K, 0% used [0x00000000ec380000,0x00000000ec380000,0x00000000ec600000)
  to   space 2560K, 0% used [0x00000000ec100000,0x00000000ec100000,0x00000000ec380000)
 ParOldGen       total 44032K, used 0K [0x00000000c1200000, 0x00000000c3d00000, 0x00000000eb100000)
  object space 44032K, 0% used [0x00000000c1200000,0x00000000c1200000,0x00000000c3d00000)
 Metaspace       used 9970K, capacity 10180K, committed 10368K, reserved 1058816K
  class space    used 1232K, capacity 1320K, committed 1408K, reserved 1048576K

Card table byte_map: [0x0000000012420000,0x0000000012620000] byte_map_base: 0x0000000011e17000

Marking Bits: (ParMarkBitMap*) 0x0000000068ffa6c0
 Begin Bits: [0x0000000012b70000, 0x0000000013b28000)
 End Bits:   [0x0000000013b28000, 0x0000000014ae0000)

Polling page: 0x0000000002d00000

CodeCache: size=245760Kb used=2491Kb max_used=2493Kb free=243268Kb
 bounds [0x0000000003060000, 0x00000000032d0000, 0x0000000012060000]
 total_blobs=1168 nmethods=713 adapters=368
 compilation: enabled

Compilation events (10 events):
Event: 66.628 Thread 0x00000000156a0000 nmethod 713 0x00000000032cded0 code [0x00000000032ce040, 0x00000000032ce290]
Event: 67.129 Thread 0x00000000156a0000  714  s    3       javax.swing.RepaintManager::extendDirtyRegion (36 bytes)
Event: 67.129 Thread 0x00000000156a0000 nmethod 714 0x00000000032cd650 code [0x00000000032cd7e0, 0x00000000032cdd38]
Event: 67.129 Thread 0x00000000156a0000  715       3       java.awt.font.FontRenderContext::hashCode (71 bytes)
Event: 67.130 Thread 0x00000000156a0000 nmethod 715 0x00000000032cc7d0 code [0x00000000032cc9e0, 0x00000000032cd3a8]
Event: 67.631 Thread 0x00000000156a0000  716       3       sun.font.SunFontManager::maybeUsingAlternateCompositeFonts (20 bytes)
Event: 67.632 Thread 0x00000000156a0000 nmethod 716 0x00000000032cf690 code [0x00000000032cf7e0, 0x00000000032cf9d0]
Event: 67.632 Thread 0x00000000156a0000  717       3       sun.font.FontDesignMetrics::getDefaultFrc (53 bytes)
Event: 67.634 Thread 0x00000000156a0000 

Event: 68.132 Thread 0x00000000156a0000  718   !   3       sun.font.FontDesignMetrics::getMetrics (265 bytes)

GC Heap History (0 events):
No events

Deoptimization events (0 events):
No events

Internal exceptions (10 events):
Event: 1.469 Thread 0x0000000002f61000 Exception <a 'java/lang/NoSuchMethodError': Method sun.misc.Unsafe.defineClass(Ljava/lang/String;[BII)Ljava/lang/Class; name or signature does not match> (0x00000000eb107c78) thrown at [C:\re\workspace\8-2-build-windows-amd64-cygwin\jdk8u111\7883\hotspot\
Event: 1.469 Thread 0x0000000002f61000 Exception <a 'java/lang/NoSuchMethodError': Method sun.misc.Unsafe.prefetchRead(Ljava/lang/Object;J)V name or signature does not match> (0x00000000eb107f60) thrown at [C:\re\workspace\8-2-build-windows-amd64-cygwin\jdk8u111\7883\hotspot\src\share\vm\prims
Event: 2.326 Thread 0x0000000002f61000 Exception <a 'java/security/PrivilegedActionException'> (0x00000000eb185710) thrown at [C:\re\workspace\8-2-build-windows-amd64-cygwin\jdk8u111\7883\hotspot\src\share\vm\prims\jvm.cpp, line 1386]
Event: 2.326 Thread 0x0000000002f61000 Exception <a 'java/security/PrivilegedActionException'> (0x00000000eb185920) thrown at [C:\re\workspace\8-2-build-windows-amd64-cygwin\jdk8u111\7883\hotspot\src\share\vm\prims\jvm.cpp, line 1386]
Event: 2.327 Thread 0x0000000002f61000 Exception <a 'java/security/PrivilegedActionException'> (0x00000000eb189808) thrown at [C:\re\workspace\8-2-build-windows-amd64-cygwin\jdk8u111\7883\hotspot\src\share\vm\prims\jvm.cpp, line 1386]
Event: 2.327 Thread 0x0000000002f61000 Exception <a 'java/security/PrivilegedActionException'> (0x00000000eb189a18) thrown at [C:\re\workspace\8-2-build-windows-amd64-cygwin\jdk8u111\7883\hotspot\src\share\vm\prims\jvm.cpp, line 1386]
Event: 3.106 Thread 0x0000000002f61000 Exception <a 'java/io/FileNotFoundException'> (0x00000000eb1912e8) thrown at [C:\re\workspace\8-2-build-windows-amd64-cygwin\jdk8u111\7883\hotspot\src\share\vm\prims\jni.cpp, line 709]
Event: 3.315 Thread 0x0000000002f61000 Exception <a 'java/lang/NoSuchFieldError': method resolution failed> (0x00000000eb2b17d8) thrown at [C:\re\workspace\8-2-build-windows-amd64-cygwin\jdk8u111\7883\hotspot\src\share\vm\prims\methodHandles.cpp, line 1146]
Event: 3.318 Thread 0x0000000002f61000 Exception <a 'java/lang/NoSuchFieldError': method resolution failed> (0x00000000eb2beba8) thrown at [C:\re\workspace\8-2-build-windows-amd64-cygwin\jdk8u111\7883\hotspot\src\share\vm\prims\methodHandles.cpp, line 1146]
Event: 4.007 Thread 0x0000000002f61000 Exception <a 'java/io/FileNotFoundException'> (0x00000000eb353dc0) thrown at [C:\re\workspace\8-2-build-windows-amd64-cygwin\jdk8u111\7883\hotspot\src\share\vm\prims\jni.cpp, line 709]

Events (10 events):
Event: 18.907 loading class java/awt/event/MouseWheelEvent
Event: 18.932 loading class java/awt/event/MouseWheelEvent done
Event: 18.935 Executing VM operation: RevokeBias
Event: 18.935 Executing VM operation: RevokeBias done
Event: 19.098 Executing VM operation: RevokeBias
Event: 19.098 Executing VM operation: RevokeBias done
Event: 19.328 loading class java/awt/LightweightDispatcher$2
Event: 19.346 loading class java/awt/LightweightDispatcher$2 done
Event: 67.633 Thread 0x00000000156a0000 flushing nmethod 0x0000000003169550
Event: 67.633 Thread 0x00000000156a0000 flushing nmethod 0x000000000316cad0


Dynamic libraries:
0x00007ff6f9280000 - 0x00007ff6f92b7000 	C:\Program Files\Java\jdk1.8.0_111\bin\java.exe
0x00007ff9ebf70000 - 0x00007ff9ec15d000 	C:\WINDOWS\SYSTEM32\ntdll.dll
0x00007ff99bb60000 - 0x00007ff99bb72000 	C:\Program Files\AVAST Software\Avast\aswhook.dll
0x00007ff9e9270000 - 0x00007ff9e9323000 	C:\WINDOWS\System32\KERNEL32.DLL
0x00007ff9e8f00000 - 0x00007ff9e9193000 	C:\WINDOWS\System32\KERNELBASE.dll
0x00007ff9ebe10000 - 0x00007ff9ebeb3000 	C:\WINDOWS\System32\ADVAPI32.dll
0x00007ff9eb9c0000 - 0x00007ff9eba5e000 	C:\WINDOWS\System32\msvcrt.dll
0x00007ff9e9560000 - 0x00007ff9e95fe000 	C:\WINDOWS\System32\sechost.dll
0x00007ff9eb680000 - 0x00007ff9eb7a2000 	C:\WINDOWS\System32\RPCRT4.dll
0x00007ff9eb190000 - 0x00007ff9eb327000 	C:\WINDOWS\System32\USER32.dll
0x00007ff9e8e40000 - 0x00007ff9e8e60000 	C:\WINDOWS\System32\win32u.dll
0x00007ff9e9790000 - 0x00007ff9e97b9000 	C:\WINDOWS\System32\GDI32.dll
0x00007ff9e8ca0000 - 0x00007ff9e8e39000 	C:\WINDOWS\System32\gdi32full.dll
0x00007ff9e8e60000 - 0x00007ff9e8f00000 	C:\WINDOWS\System32\msvcp_win.dll
0x00007ff9e8b00000 - 0x00007ff9e8bfa000 	C:\WINDOWS\System32\ucrtbase.dll
0x00007ff9ddfe0000 - 0x00007ff9de259000 	C:\WINDOWS\WinSxS\amd64_microsoft.windows.common-controls_6595b64144ccf1df_6.0.17763.615_none_05b4414a072024d4\COMCTL32.dll
0x00007ff9ebae0000 - 0x00007ff9ebe0c000 	C:\WINDOWS\System32\combase.dll
0x00007ff9e8c00000 - 0x00007ff9e8c7e000 	C:\WINDOWS\System32\bcryptPrimitives.dll
0x00007ff9eb460000 - 0x00007ff9eb48e000 	C:\WINDOWS\System32\IMM32.DLL
0x0000000068700000 - 0x00000000687d2000 	C:\Program Files\Java\jdk1.8.0_111\jre\bin\msvcr100.dll
0x00000000687e0000 - 0x000000006907a000 	C:\Program Files\Java\jdk1.8.0_111\jre\bin\server\jvm.dll
0x00007ff9e9670000 - 0x00007ff9e9678000 	C:\WINDOWS\System32\PSAPI.DLL
0x00007ff9db160000 - 0x00007ff9db169000 	C:\WINDOWS\SYSTEM32\WSOCK32.dll
0x00007ff9e9600000 - 0x00007ff9e966d000 	C:\WINDOWS\System32\WS2_32.dll
0x00007ff9e6120000 - 0x00007ff9e6144000 	C:\WINDOWS\SYSTEM32\WINMM.dll
0x00007ff9e3130000 - 0x00007ff9e313a000 	C:\WINDOWS\SYSTEM32\VERSION.dll
0x00007ff9e60f0000 - 0x00007ff9e611d000 	C:\WINDOWS\SYSTEM32\WINMMBASE.dll
0x00007ff9e8a00000 - 0x00007ff9e8a4a000 	C:\WINDOWS\System32\cfgmgr32.dll
0x00000000686b0000 - 0x00000000686bf000 	C:\Program Files\Java\jdk1.8.0_111\jre\bin\verify.dll
0x0000000068680000 - 0x00000000686a9000 	C:\Program Files\Java\jdk1.8.0_111\jre\bin\java.dll
0x0000000068660000 - 0x0000000068676000 	C:\Program Files\Java\jdk1.8.0_111\jre\bin\zip.dll
0x00007ff9e97c0000 - 0x00007ff9eacb0000 	C:\WINDOWS\System32\SHELL32.dll
0x00007ff9e9330000 - 0x00007ff9e93d8000 	C:\WINDOWS\System32\shcore.dll
0x00007ff9e80a0000 - 0x00007ff9e87ea000 	C:\WINDOWS\System32\windows.storage.dll
0x00007ff9e7f90000 - 0x00007ff9e7fb4000 	C:\WINDOWS\System32\profapi.dll
0x00007ff9e7fc0000 - 0x00007ff9e801d000 	C:\WINDOWS\System32\powrprof.dll
0x00007ff9eacb0000 - 0x00007ff9ead02000 	C:\WINDOWS\System32\shlwapi.dll
0x00007ff9e7f70000 - 0x00007ff9e7f81000 	C:\WINDOWS\System32\kernel.appcore.dll
0x00007ff9e8c80000 - 0x00007ff9e8c97000 	C:\WINDOWS\System32\cryptsp.dll
0x0000000068480000 - 0x0000000068618000 	C:\Program Files\Java\jdk1.8.0_111\jre\bin\awt.dll
0x00007ff9e91a0000 - 0x00007ff9e9264000 	C:\WINDOWS\System32\OLEAUT32.dll
0x00007ff9e6220000 - 0x00007ff9e62ac000 	C:\WINDOWS\SYSTEM32\apphelp.dll
0x00007ff9e6650000 - 0x00007ff9e667e000 	C:\WINDOWS\system32\DWMAPI.DLL
0x00007ff9e8820000 - 0x00007ff9e89fb000 	C:\WINDOWS\System32\CRYPT32.dll
0x00007ff9e8020000 - 0x00007ff9e8032000 	C:\WINDOWS\System32\MSASN1.dll
0x00007ff9e63d0000 - 0x00007ff9e646c000 	C:\WINDOWS\system32\uxtheme.dll
0x00007ff9eb490000 - 0x00007ff9eb5fb000 	C:\WINDOWS\System32\MSCTF.dll
0x00007ff9e93e0000 - 0x00007ff9e9535000 	C:\WINDOWS\System32\ole32.dll
0x00007ff9c05d0000 - 0x00007ff9c076e000 	C:\WINDOWS\system32\d3d9.dll
0x00007ff9e3140000 - 0x00007ff9e322a000 	C:\WINDOWS\System32\DriverStore\FileRepository\nv_ref_pubwu.inf_amd64_2e7fa54192fe16d0\nvldumdx.dll
0x00007ff9e73a0000 - 0x00007ff9e73d3000 	C:\WINDOWS\system32\rsaenh.dll
0x00007ff9e87f0000 - 0x00007ff9e8816000 	C:\WINDOWS\System32\bcrypt.dll
0x00007ff9e79b0000 - 0x00007ff9e79bc000 	C:\WINDOWS\SYSTEM32\CRYPTBASE.dll
0x00007ff98d310000 - 0x00007ff98e4e6000 	C:\WINDOWS\System32\DriverStore\FileRepository\nv_ref_pubwu.inf_amd64_2e7fa54192fe16d0\nvd3dumx.dll
0x00007ff9d94b0000 - 0x00007ff9d9757000 	C:\WINDOWS\system32\nvspcap64.dll
0x00007ff9d92c0000 - 0x00007ff9d94ad000 	C:\WINDOWS\SYSTEM32\dbghelp.dll
0x00007ff9d9290000 - 0x00007ff9d92ba000 	C:\WINDOWS\SYSTEM32\dbgcore.DLL
0x00007ff9e7000000 - 0x00007ff9e7031000 	C:\WINDOWS\SYSTEM32\ntmarta.dll
0x00007ff9e08b0000 - 0x00007ff9e099b000 	C:\Program Files (x86)\NVIDIA Corporation\3D Vision\nvSCPAPI64.dll
0x00007ff9ead10000 - 0x00007ff9eb186000 	C:\WINDOWS\System32\SETUPAPI.dll
0x0000000068430000 - 0x0000000068477000 	C:\Program Files\Java\jdk1.8.0_111\jre\bin\fontmanager.dll
0x00007ff9e96e0000 - 0x00007ff9e9782000 	C:\WINDOWS\System32\clbcatq.dll
0x00007ff9e3350000 - 0x00007ff9e3508000 	C:\WINDOWS\SYSTEM32\WindowsCodecs.dll
0x00007ff9c3d00000 - 0x00007ff9c3d56000 	C:\WINDOWS\system32\dataexchange.dll
0x00007ff9e4de0000 - 0x00007ff9e505e000 	C:\WINDOWS\system32\d3d11.dll
0x00007ff9e5620000 - 0x00007ff9e57e3000 	C:\WINDOWS\system32\dcomp.dll
0x00007ff9e6cc0000 - 0x00007ff9e6d82000 	C:\WINDOWS\system32\dxgi.dll
0x00007ff9e6730000 - 0x00007ff9e693d000 	C:\WINDOWS\system32\twinapi.appcore.dll
0x00007ff9e6940000 - 0x00007ff9e6968000 	C:\WINDOWS\system32\RMCLIENT.dll
0x00007ff9dc3a0000 - 0x00007ff9dc435000 	C:\WINDOWS\System32\TextInputFramework.dll
0x00007ff9e3540000 - 0x00007ff9e3862000 	C:\WINDOWS\System32\CoreUIComponents.dll
0x00007ff9e57f0000 - 0x00007ff9e58d2000 	C:\WINDOWS\System32\CoreMessaging.dll
0x00007ff9e3ef0000 - 0x00007ff9e4043000 	C:\WINDOWS\SYSTEM32\wintypes.dll
0x0000000068640000 - 0x000000006865a000 	C:\Program Files\Java\jdk1.8.0_111\jre\bin\net.dll
0x00007ff9e77e0000 - 0x00007ff9e7847000 	C:\WINDOWS\system32\mswsock.dll
0x0000000068620000 - 0x0000000068631000 	C:\Program Files\Java\jdk1.8.0_111\jre\bin\nio.dll
0x00000000683e0000 - 0x0000000068422000 	C:\Program Files\Java\jdk1.8.0_111\jre\bin\t2k.dll

VM Arguments:
jvm_args: -Dfile.encoding=UTF-8 
java_command: calculadora2.Calculadora2
java_class_path (initial): C:\Users\Augusto\Documents\NetBeansProjects\Calculadora2\build\classes
Launcher Type: SUN_STANDARD

Environment Variables:
PATH=C:\ProgramData\Oracle\Java\javapath;C:\Program Files (x86)\Common Files\Oracle\Java\javapath;C:\WINDOWS\system32;C:\WINDOWS;C:\WINDOWS\System32\Wbem;C:\WINDOWS\System32\WindowsPowerShell\v1.0\;C:\WINDOWS\System32\OpenSSH\;C:\Program Files (x86)\NVIDIA Corporation\PhysX\Common;C:\Program Files\NVIDIA Corporation\NVIDIA NvDLISR;C:\WINDOWS\system32;C:\WINDOWS;C:\WINDOWS\System32\Wbem;C:\WINDOWS\System32\WindowsPowerShell\v1.0\;C:\WINDOWS\System32\OpenSSH\;C:\Program Files\Git\cmd;C:\Program Files (x86)\Microsoft SQL Server\150\DTS\Binn\;C:\Program Files\nodejs\;C:\Users\Augusto\AppData\Local\Programs\Python\Python37-32\Scripts\;C:\Users\Augusto\AppData\Local\Programs\Python\Python37-32\;C:\Users\Augusto\AppData\Local\Microsoft\WindowsApps;;C:\Users\Augusto\AppData\Local\Programs\Microsoft VS Code\bin;C:\Users\Augusto\AppData\Roaming\npm
USERNAME=Augusto
OS=Windows_NT
PROCESSOR_IDENTIFIER=Intel64 Family 6 Model 37 Stepping 5, GenuineIntel



---------------  S Y S T E M  ---------------

OS: Windows 10.0 , 64 bit Build 17763 (10.0.17763.475)

CPU:total 4 (2 cores per cpu, 2 threads per core) family 6 model 37 stepping 5, cmov, cx8, fxsr, mmx, sse, sse2, sse3, ssse3, sse4.1, sse4.2, popcnt, aes, clmul, ht, tsc, tscinvbit

Memory: 4k page, physical 4118920k(247544k free), swap 16701832k(0k free)

vm_info: Java HotSpot(TM) 64-Bit Server VM (25.111-b14) for windows-amd64 JRE (1.8.0_111-b14), built on Sep 22 2016 19:24:05 by "java_re" with MS VC++ 10.0 (VS2010)

time: Sat Aug 17 18:41:13 2019
elapsed time: 68 seconds (0d 0h 1m 8s)

